[
  {
    "Plan": {
      "Node Type": "Result",
      "Parallel Aware": false,
      "Async Capable": false,
      "Startup Cost": 54.26,
      "Total Cost": 54.27,
      "Plan Rows": 1,
      "Plan Width": 7,
      "Actual Startup Time": 0.085,
      "Actual Total Time": 0.087,
      "Actual Rows": 1,
      "Actual Loops": 1,
      "Output": [
        "pg_notify('pgjobq.job_completed_test'::text, '064bbc18-ee36-4f26-a2ed-b93ac524fe52'::text)",
        "$9",
        "$11",
        "$13"
      ],
      "Plans": [
        {
          "Node Type": "Index Scan",
          "Parent Relationship": "InitPlan",
          "Subplan Name": "CTE queue_info",
          "Parallel Aware": false,
          "Async Capable": false,
          "Scan Direction": "Forward",
          "Index Name": "queues_name_key",
          "Relation Name": "queues",
          "Schema": "pgjobq",
          "Alias": "queues",
          "Startup Cost": 0.15,
          "Total Cost": 8.17,
          "Plan Rows": 1,
          "Plan Width": 36,
          "Actual Startup Time": 0.015,
          "Actual Total Time": 0.016,
          "Actual Rows": 1,
          "Actual Loops": 1,
          "Output": ["queues.name", "queues.id"],
          "Index Cond": "(queues.name = 'test'::text)",
          "Rows Removed by Index Recheck": 0
        },
        {
          "Node Type": "LockRows",
          "Parent Relationship": "InitPlan",
          "Subplan Name": "CTE jobs_for_deletion",
          "Parallel Aware": false,
          "Async Capable": false,
          "Startup Cost": 0.44,
          "Total Cost": 16.66,
          "Plan Rows": 2,
          "Plan Width": 26,
          "Actual Startup Time": 0.036,
          "Actual Total Time": 0.039,
          "Actual Rows": 1,
          "Actual Loops": 1,
          "Output": ["jobs.id", "jobs.ctid", "jobs.tableoid"],
          "Plans": [
            {
              "Node Type": "CTE Scan",
              "Parent Relationship": "InitPlan",
              "Subplan Name": "InitPlan 2 (returns $1)",
              "Parallel Aware": false,
              "Async Capable": false,
              "CTE Name": "queue_info",
              "Alias": "queue_info",
              "Startup Cost": 0.0,
              "Total Cost": 0.02,
              "Plan Rows": 1,
              "Plan Width": 4,
              "Actual Startup Time": 0.001,
              "Actual Total Time": 0.002,
              "Actual Rows": 1,
              "Actual Loops": 1,
              "Output": ["queue_info.id"]
            },
            {
              "Node Type": "Append",
              "Parent Relationship": "Outer",
              "Parallel Aware": false,
              "Async Capable": false,
              "Startup Cost": 0.42,
              "Total Cost": 16.62,
              "Plan Rows": 2,
              "Plan Width": 26,
              "Actual Startup Time": 0.03,
              "Actual Total Time": 0.032,
              "Actual Rows": 1,
              "Actual Loops": 1,
              "Subplans Removed": 0,
              "Plans": [
                {
                  "Node Type": "Index Scan",
                  "Parent Relationship": "Member",
                  "Parallel Aware": false,
                  "Async Capable": false,
                  "Scan Direction": "Forward",
                  "Index Name": "jobs_1_pkey",
                  "Relation Name": "jobs_1",
                  "Schema": "pgjobq",
                  "Alias": "jobs_1",
                  "Startup Cost": 0.42,
                  "Total Cost": 8.44,
                  "Plan Rows": 1,
                  "Plan Width": 26,
                  "Actual Startup Time": 0.025,
                  "Actual Total Time": 0.027,
                  "Actual Rows": 1,
                  "Actual Loops": 1,
                  "Output": ["jobs_1.id", "jobs_1.ctid", "jobs_1.tableoid"],
                  "Index Cond": "((jobs_1.queue_id = $1) AND (jobs_1.id = '064bbc18-ee36-4f26-a2ed-b93ac524fe52'::uuid))",
                  "Rows Removed by Index Recheck": 0
                },
                {
                  "Node Type": "Index Scan",
                  "Parent Relationship": "Member",
                  "Parallel Aware": false,
                  "Async Capable": false,
                  "Scan Direction": "Forward",
                  "Index Name": "jobs_2_pkey",
                  "Relation Name": "jobs_2",
                  "Schema": "pgjobq",
                  "Alias": "jobs_2",
                  "Startup Cost": 0.15,
                  "Total Cost": 8.17,
                  "Plan Rows": 1,
                  "Plan Width": 26,
                  "Actual Startup Time": 0.0,
                  "Actual Total Time": 0.0,
                  "Actual Rows": 0,
                  "Actual Loops": 0,
                  "Output": ["jobs_2.id", "jobs_2.ctid", "jobs_2.tableoid"],
                  "Index Cond": "((jobs_2.queue_id = $1) AND (jobs_2.id = '064bbc18-ee36-4f26-a2ed-b93ac524fe52'::uuid))",
                  "Rows Removed by Index Recheck": 0
                }
              ]
            }
          ]
        },
        {
          "Node Type": "ModifyTable",
          "Operation": "Delete",
          "Parent Relationship": "InitPlan",
          "Subplan Name": "CTE deleted_jobs",
          "Parallel Aware": false,
          "Async Capable": false,
          "Relation Name": "jobs",
          "Schema": "pgjobq",
          "Alias": "jobs_3",
          "Startup Cost": 0.44,
          "Total Cost": 29.34,
          "Plan Rows": 2,
          "Plan Width": 50,
          "Actual Startup Time": 0.025,
          "Actual Total Time": 0.029,
          "Actual Rows": 1,
          "Actual Loops": 1,
          "Output": ["1"],
          "Target Tables": [
            {
              "Relation Name": "jobs_1",
              "Schema": "pgjobq",
              "Alias": "jobs_4"
            },
            { "Relation Name": "jobs_2", "Schema": "pgjobq", "Alias": "jobs_5" }
          ],
          "Plans": [
            {
              "Node Type": "CTE Scan",
              "Parent Relationship": "InitPlan",
              "Subplan Name": "InitPlan 4 (returns $4)",
              "Parallel Aware": false,
              "Async Capable": false,
              "CTE Name": "queue_info",
              "Alias": "queue_info_1",
              "Startup Cost": 0.0,
              "Total Cost": 0.02,
              "Plan Rows": 1,
              "Plan Width": 4,
              "Actual Startup Time": 0.0,
              "Actual Total Time": 0.0,
              "Actual Rows": 1,
              "Actual Loops": 1,
              "Output": ["queue_info_1.id"]
            },
            {
              "Node Type": "Nested Loop",
              "Parent Relationship": "Outer",
              "Parallel Aware": false,
              "Async Capable": false,
              "Join Type": "Inner",
              "Startup Cost": 0.42,
              "Total Cost": 29.32,
              "Plan Rows": 2,
              "Plan Width": 50,
              "Actual Startup Time": 0.013,
              "Actual Total Time": 0.018,
              "Actual Rows": 1,
              "Actual Loops": 1,
              "Output": [
                "jobs_for_deletion.*",
                "jobs_3.tableoid",
                "jobs_3.ctid"
              ],
              "Inner Unique": false,
              "Plans": [
                {
                  "Node Type": "CTE Scan",
                  "Parent Relationship": "Outer",
                  "Parallel Aware": false,
                  "Async Capable": false,
                  "CTE Name": "jobs_for_deletion",
                  "Alias": "jobs_for_deletion",
                  "Startup Cost": 0.0,
                  "Total Cost": 0.04,
                  "Plan Rows": 2,
                  "Plan Width": 56,
                  "Actual Startup Time": 0.004,
                  "Actual Total Time": 0.006,
                  "Actual Rows": 1,
                  "Actual Loops": 1,
                  "Output": ["jobs_for_deletion.*", "jobs_for_deletion.id"]
                },
                {
                  "Node Type": "Append",
                  "Parent Relationship": "Inner",
                  "Parallel Aware": false,
                  "Async Capable": false,
                  "Startup Cost": 0.42,
                  "Total Cost": 14.62,
                  "Plan Rows": 2,
                  "Plan Width": 26,
                  "Actual Startup Time": 0.008,
                  "Actual Total Time": 0.01,
                  "Actual Rows": 1,
                  "Actual Loops": 1,
                  "Subplans Removed": 0,
                  "Plans": [
                    {
                      "Node Type": "Index Scan",
                      "Parent Relationship": "Member",
                      "Parallel Aware": false,
                      "Async Capable": false,
                      "Scan Direction": "Forward",
                      "Index Name": "jobs_1_pkey",
                      "Relation Name": "jobs_1",
                      "Schema": "pgjobq",
                      "Alias": "jobs_4",
                      "Startup Cost": 0.42,
                      "Total Cost": 8.44,
                      "Plan Rows": 1,
                      "Plan Width": 26,
                      "Actual Startup Time": 0.007,
                      "Actual Total Time": 0.008,
                      "Actual Rows": 1,
                      "Actual Loops": 1,
                      "Output": ["jobs_4.id", "jobs_4.tableoid", "jobs_4.ctid"],
                      "Index Cond": "((jobs_4.queue_id = $4) AND (jobs_4.id = jobs_for_deletion.id))",
                      "Rows Removed by Index Recheck": 0,
                      "Filter": "(jobs_4.receipt_handle = '6002'::bigint)",
                      "Rows Removed by Filter": 0
                    },
                    {
                      "Node Type": "Index Scan",
                      "Parent Relationship": "Member",
                      "Parallel Aware": false,
                      "Async Capable": false,
                      "Scan Direction": "Forward",
                      "Index Name": "jobs_2_pkey",
                      "Relation Name": "jobs_2",
                      "Schema": "pgjobq",
                      "Alias": "jobs_5",
                      "Startup Cost": 0.15,
                      "Total Cost": 6.17,
                      "Plan Rows": 1,
                      "Plan Width": 26,
                      "Actual Startup Time": 0.0,
                      "Actual Total Time": 0.0,
                      "Actual Rows": 0,
                      "Actual Loops": 0,
                      "Output": ["jobs_5.id", "jobs_5.tableoid", "jobs_5.ctid"],
                      "Index Cond": "((jobs_5.queue_id = $4) AND (jobs_5.id = jobs_for_deletion.id))",
                      "Rows Removed by Index Recheck": 0,
                      "Filter": "(jobs_5.receipt_handle = '6002'::bigint)",
                      "Rows Removed by Filter": 0
                    }
                  ]
                }
              ]
            }
          ]
        },
        {
          "Node Type": "Result",
          "Parent Relationship": "InitPlan",
          "Subplan Name": "InitPlan 7 (returns $9)",
          "Parallel Aware": false,
          "Async Capable": false,
          "Startup Cost": 0.02,
          "Total Cost": 0.03,
          "Plan Rows": 1,
          "Plan Width": 1,
          "Actual Startup Time": 0.019,
          "Actual Total Time": 0.019,
          "Actual Rows": 1,
          "Actual Loops": 1,
          "Output": ["$8"],
          "Plans": [
            {
              "Node Type": "CTE Scan",
              "Parent Relationship": "InitPlan",
              "Subplan Name": "InitPlan 6 (returns $8)",
              "Parallel Aware": false,
              "Async Capable": false,
              "CTE Name": "queue_info",
              "Alias": "queue_info_2",
              "Startup Cost": 0.0,
              "Total Cost": 0.02,
              "Plan Rows": 1,
              "Plan Width": 0,
              "Actual Startup Time": 0.018,
              "Actual Total Time": 0.018,
              "Actual Rows": 1,
              "Actual Loops": 1
            }
          ]
        },
        {
          "Node Type": "Result",
          "Parent Relationship": "InitPlan",
          "Subplan Name": "InitPlan 9 (returns $11)",
          "Parallel Aware": false,
          "Async Capable": false,
          "Startup Cost": 0.02,
          "Total Cost": 0.03,
          "Plan Rows": 1,
          "Plan Width": 1,
          "Actual Startup Time": 0.037,
          "Actual Total Time": 0.037,
          "Actual Rows": 1,
          "Actual Loops": 1,
          "Output": ["$10"],
          "Plans": [
            {
              "Node Type": "CTE Scan",
              "Parent Relationship": "InitPlan",
              "Subplan Name": "InitPlan 8 (returns $10)",
              "Parallel Aware": false,
              "Async Capable": false,
              "CTE Name": "jobs_for_deletion",
              "Alias": "jobs_for_deletion_1",
              "Startup Cost": 0.0,
              "Total Cost": 0.04,
              "Plan Rows": 2,
              "Plan Width": 0,
              "Actual Startup Time": 0.037,
              "Actual Total Time": 0.037,
              "Actual Rows": 1,
              "Actual Loops": 1
            }
          ]
        },
        {
          "Node Type": "Result",
          "Parent Relationship": "InitPlan",
          "Subplan Name": "InitPlan 11 (returns $13)",
          "Parallel Aware": false,
          "Async Capable": false,
          "Startup Cost": 0.02,
          "Total Cost": 0.03,
          "Plan Rows": 1,
          "Plan Width": 1,
          "Actual Startup Time": 0.025,
          "Actual Total Time": 0.026,
          "Actual Rows": 1,
          "Actual Loops": 1,
          "Output": ["(NOT $12)"],
          "Plans": [
            {
              "Node Type": "CTE Scan",
              "Parent Relationship": "InitPlan",
              "Subplan Name": "InitPlan 10 (returns $12)",
              "Parallel Aware": false,
              "Async Capable": false,
              "CTE Name": "deleted_jobs",
              "Alias": "deleted_jobs",
              "Startup Cost": 0.0,
              "Total Cost": 0.04,
              "Plan Rows": 2,
              "Plan Width": 0,
              "Actual Startup Time": 0.025,
              "Actual Total Time": 0.025,
              "Actual Rows": 1,
              "Actual Loops": 1
            }
          ]
        }
      ]
    },
    "Query Identifier": 2116216287376227148,
    "Planning Time": 0.376,
    "Triggers": [
      {
        "Trigger Name": "RI_ConstraintTrigger_a_20570",
        "Constraint Name": "predecessors_queue_id_child_id_fkey1",
        "Relation": "jobs_1",
        "Time": 3.703,
        "Calls": 1
      },
      {
        "Trigger Name": "RI_ConstraintTrigger_a_20573",
        "Constraint Name": "predecessors_queue_id_parent_id_fkey1",
        "Relation": "jobs_1",
        "Time": 3.232,
        "Calls": 1
      }
    ],
    "Execution Time": 7.121
  }
]
