[
  {
    "Plan": {
      "Node Type": "Group",
      "Parallel Aware": false,
      "Async Capable": false,
      "Startup Cost": 41552.05,
      "Total Cost": 41556.55,
      "Plan Rows": 1,
      "Plan Width": 4,
      "Actual Startup Time": 763.78,
      "Actual Total Time": 773.264,
      "Actual Rows": 1,
      "Actual Loops": 1,
      "Output": ["(1)"],
      "Group Key": ["1"],
      "Plans": [
        {
          "Node Type": "Index Scan",
          "Parent Relationship": "InitPlan",
          "Subplan Name": "CTE queue_info",
          "Parallel Aware": false,
          "Async Capable": false,
          "Scan Direction": "Forward",
          "Index Name": "queues_name_key",
          "Relation Name": "queues",
          "Schema": "pgjobq",
          "Alias": "queues",
          "Startup Cost": 0.15,
          "Total Cost": 8.17,
          "Plan Rows": 1,
          "Plan Width": 56,
          "Actual Startup Time": 0.014,
          "Actual Total Time": 0.016,
          "Actual Rows": 1,
          "Actual Loops": 1,
          "Output": [
            "queues.id",
            "queues.name",
            "queues.max_delivery_attempts",
            "queues.retention_period"
          ],
          "Index Cond": "(queues.name = 'test'::text)",
          "Rows Removed by Index Recheck": 0
        },
        {
          "Node Type": "LockRows",
          "Parent Relationship": "InitPlan",
          "Subplan Name": "CTE selected_jobs",
          "Parallel Aware": false,
          "Async Capable": false,
          "Startup Cost": 8107.7,
          "Total Cost": 8533.18,
          "Plan Rows": 34038,
          "Plan Width": 26,
          "Actual Startup Time": 323.011,
          "Actual Total Time": 626.047,
          "Actual Rows": 97901,
          "Actual Loops": 1,
          "Output": ["jobs.id", "jobs.ctid", "jobs.tableoid"],
          "Plans": [
            {
              "Node Type": "CTE Scan",
              "Parent Relationship": "InitPlan",
              "Subplan Name": "InitPlan 2 (returns $1)",
              "Parallel Aware": false,
              "Async Capable": false,
              "CTE Name": "queue_info",
              "Alias": "queue_info",
              "Startup Cost": 0.0,
              "Total Cost": 0.02,
              "Plan Rows": 1,
              "Plan Width": 4,
              "Actual Startup Time": 0.017,
              "Actual Total Time": 0.019,
              "Actual Rows": 1,
              "Actual Loops": 1,
              "Output": ["queue_info.id"]
            },
            {
              "Node Type": "Sort",
              "Parent Relationship": "Outer",
              "Parallel Aware": false,
              "Async Capable": false,
              "Startup Cost": 8107.68,
              "Total Cost": 8192.78,
              "Plan Rows": 34038,
              "Plan Width": 26,
              "Actual Startup Time": 322.994,
              "Actual Total Time": 342.389,
              "Actual Rows": 97901,
              "Actual Loops": 1,
              "Output": ["jobs.id", "jobs.ctid", "jobs.tableoid"],
              "Sort Key": ["jobs.id"],
              "Sort Method": "quicksort",
              "Sort Space Used": 9956,
              "Sort Space Type": "Memory",
              "Plans": [
                {
                  "Node Type": "Append",
                  "Parent Relationship": "Outer",
                  "Parallel Aware": false,
                  "Async Capable": false,
                  "Startup Cost": 0.0,
                  "Total Cost": 5545.5,
                  "Plan Rows": 34038,
                  "Plan Width": 26,
                  "Actual Startup Time": 1.022,
                  "Actual Total Time": 80.244,
                  "Actual Rows": 97901,
                  "Actual Loops": 1,
                  "Subplans Removed": 0,
                  "Plans": [
                    {
                      "Node Type": "Seq Scan",
                      "Parent Relationship": "Member",
                      "Parallel Aware": false,
                      "Async Capable": false,
                      "Relation Name": "jobs_1",
                      "Schema": "pgjobq",
                      "Alias": "jobs_1",
                      "Startup Cost": 0.0,
                      "Total Cost": 5363.95,
                      "Plan Rows": 34037,
                      "Plan Width": 26,
                      "Actual Startup Time": 0.999,
                      "Actual Total Time": 72.746,
                      "Actual Rows": 97901,
                      "Actual Loops": 1,
                      "Output": ["jobs_1.id", "jobs_1.ctid", "jobs_1.tableoid"],
                      "Filter": "((jobs_1.attributes ? 'id'::text) AND (jobs_1.attributes ? 'id'::text) AND (jobs_1.queue_id = $1) AND (((jobs_1.attributes ->> 'id'::text))::bigint >= '1000'::bigint) AND (((jobs_1.attributes ->> 'id'::text))::bigint >= '2000'::bigint))",
                      "Rows Removed by Filter": 3997
                    },
                    {
                      "Node Type": "Bitmap Heap Scan",
                      "Parent Relationship": "Member",
                      "Parallel Aware": false,
                      "Async Capable": false,
                      "Relation Name": "jobs_2",
                      "Schema": "pgjobq",
                      "Alias": "jobs_2",
                      "Startup Cost": 4.17,
                      "Total Cost": 11.36,
                      "Plan Rows": 1,
                      "Plan Width": 26,
                      "Actual Startup Time": 0.0,
                      "Actual Total Time": 0.0,
                      "Actual Rows": 0,
                      "Actual Loops": 0,
                      "Output": ["jobs_2.id", "jobs_2.ctid", "jobs_2.tableoid"],
                      "Recheck Cond": "(jobs_2.queue_id = $1)",
                      "Rows Removed by Index Recheck": 0,
                      "Filter": "((jobs_2.attributes ? 'id'::text) AND (jobs_2.attributes ? 'id'::text) AND (((jobs_2.attributes ->> 'id'::text))::bigint >= '1000'::bigint) AND (((jobs_2.attributes ->> 'id'::text))::bigint >= '2000'::bigint))",
                      "Rows Removed by Filter": 0,
                      "Exact Heap Blocks": 0,
                      "Lossy Heap Blocks": 0,
                      "Plans": [
                        {
                          "Node Type": "Bitmap Index Scan",
                          "Parent Relationship": "Outer",
                          "Parallel Aware": false,
                          "Async Capable": false,
                          "Index Name": "jobs_2_pkey",
                          "Startup Cost": 0.0,
                          "Total Cost": 4.17,
                          "Plan Rows": 3,
                          "Plan Width": 0,
                          "Actual Startup Time": 0.0,
                          "Actual Total Time": 0.0,
                          "Actual Rows": 0,
                          "Actual Loops": 0,
                          "Index Cond": "(jobs_2.queue_id = $1)"
                        }
                      ]
                    }
                  ]
                }
              ]
            }
          ]
        },
        {
          "Node Type": "ModifyTable",
          "Operation": "Delete",
          "Parent Relationship": "InitPlan",
          "Subplan Name": "CTE deleted_jobs",
          "Parallel Aware": false,
          "Async Capable": false,
          "Relation Name": "jobs",
          "Schema": "pgjobq",
          "Alias": "jobs_3",
          "Startup Cost": 0.44,
          "Total Cost": 31048.0,
          "Plan Rows": 0,
          "Plan Width": 0,
          "Actual Startup Time": 563.427,
          "Actual Total Time": 563.427,
          "Actual Rows": 0,
          "Actual Loops": 1,
          "Target Tables": [
            {
              "Relation Name": "jobs_1",
              "Schema": "pgjobq",
              "Alias": "jobs_4"
            },
            { "Relation Name": "jobs_2", "Schema": "pgjobq", "Alias": "jobs_5" }
          ],
          "Plans": [
            {
              "Node Type": "CTE Scan",
              "Parent Relationship": "InitPlan",
              "Subplan Name": "InitPlan 4 (returns $4)",
              "Parallel Aware": false,
              "Async Capable": false,
              "CTE Name": "queue_info",
              "Alias": "queue_info_1",
              "Startup Cost": 0.0,
              "Total Cost": 0.02,
              "Plan Rows": 1,
              "Plan Width": 4,
              "Actual Startup Time": 0.001,
              "Actual Total Time": 0.002,
              "Actual Rows": 1,
              "Actual Loops": 1,
              "Output": ["queue_info_1.id"]
            },
            {
              "Node Type": "Nested Loop",
              "Parent Relationship": "Outer",
              "Parallel Aware": false,
              "Async Capable": false,
              "Join Type": "Inner",
              "Startup Cost": 0.42,
              "Total Cost": 31047.98,
              "Plan Rows": 17382356,
              "Plan Width": 50,
              "Actual Startup Time": 0.042,
              "Actual Total Time": 359.475,
              "Actual Rows": 97901,
              "Actual Loops": 1,
              "Output": ["selected_jobs.*", "jobs_3.tableoid", "jobs_3.ctid"],
              "Inner Unique": false,
              "Plans": [
                {
                  "Node Type": "CTE Scan",
                  "Parent Relationship": "Outer",
                  "Parallel Aware": false,
                  "Async Capable": false,
                  "CTE Name": "selected_jobs",
                  "Alias": "selected_jobs",
                  "Startup Cost": 0.0,
                  "Total Cost": 680.76,
                  "Plan Rows": 34038,
                  "Plan Width": 56,
                  "Actual Startup Time": 0.007,
                  "Actual Total Time": 37.998,
                  "Actual Rows": 97901,
                  "Actual Loops": 1,
                  "Output": ["selected_jobs.*", "selected_jobs.id"]
                },
                {
                  "Node Type": "Append",
                  "Parent Relationship": "Inner",
                  "Parallel Aware": false,
                  "Async Capable": false,
                  "Startup Cost": 0.42,
                  "Total Cost": 0.87,
                  "Plan Rows": 2,
                  "Plan Width": 26,
                  "Actual Startup Time": 0.003,
                  "Actual Total Time": 0.003,
                  "Actual Rows": 1,
                  "Actual Loops": 97901,
                  "Subplans Removed": 0,
                  "Plans": [
                    {
                      "Node Type": "Index Scan",
                      "Parent Relationship": "Member",
                      "Parallel Aware": false,
                      "Async Capable": false,
                      "Scan Direction": "Forward",
                      "Index Name": "jobs_1_pkey",
                      "Relation Name": "jobs_1",
                      "Schema": "pgjobq",
                      "Alias": "jobs_4",
                      "Startup Cost": 0.42,
                      "Total Cost": 0.69,
                      "Plan Rows": 1,
                      "Plan Width": 26,
                      "Actual Startup Time": 0.002,
                      "Actual Total Time": 0.003,
                      "Actual Rows": 1,
                      "Actual Loops": 97901,
                      "Output": ["jobs_4.id", "jobs_4.tableoid", "jobs_4.ctid"],
                      "Index Cond": "((jobs_4.queue_id = $4) AND (jobs_4.id = selected_jobs.id))",
                      "Rows Removed by Index Recheck": 0
                    },
                    {
                      "Node Type": "Index Scan",
                      "Parent Relationship": "Member",
                      "Parallel Aware": false,
                      "Async Capable": false,
                      "Scan Direction": "Forward",
                      "Index Name": "jobs_2_pkey",
                      "Relation Name": "jobs_2",
                      "Schema": "pgjobq",
                      "Alias": "jobs_5",
                      "Startup Cost": 0.15,
                      "Total Cost": 0.17,
                      "Plan Rows": 1,
                      "Plan Width": 26,
                      "Actual Startup Time": 0.0,
                      "Actual Total Time": 0.0,
                      "Actual Rows": 0,
                      "Actual Loops": 0,
                      "Output": ["jobs_5.id", "jobs_5.tableoid", "jobs_5.ctid"],
                      "Index Cond": "((jobs_5.queue_id = $4) AND (jobs_5.id = selected_jobs.id))",
                      "Rows Removed by Index Recheck": 0
                    }
                  ]
                }
              ]
            }
          ]
        },
        {
          "Node Type": "Subquery Scan",
          "Parent Relationship": "InitPlan",
          "Subplan Name": "CTE deleted_notify",
          "Parallel Aware": false,
          "Async Capable": false,
          "Alias": "completed_notification_groups",
          "Startup Cost": 1957.21,
          "Total Cost": 1962.71,
          "Plan Rows": 200,
          "Plan Width": 4,
          "Actual Startup Time": 763.776,
          "Actual Total Time": 773.029,
          "Actual Rows": 490,
          "Actual Loops": 1,
          "Output": [
            "pg_notify(('pgjobq.job_completed_'::text || completed_notification_groups.queue_name), completed_notification_groups.ids)"
          ],
          "Plans": [
            {
              "Node Type": "Aggregate",
              "Strategy": "Hashed",
              "Partial Mode": "Simple",
              "Parent Relationship": "Subquery",
              "Parallel Aware": false,
              "Async Capable": false,
              "Startup Cost": 1957.21,
              "Total Cost": 1959.71,
              "Plan Rows": 200,
              "Plan Width": 72,
              "Actual Startup Time": 763.761,
              "Actual Total Time": 765.048,
              "Actual Rows": 490,
              "Actual Loops": 1,
              "Output": [
                "string_agg((selected_jobs_1.id)::text, ','::text)",
                "$8",
                "((row_number() OVER (?) / 200))"
              ],
              "Group Key": ["(row_number() OVER (?) / 200)"],
              "Planned Partitions": 0,
              "HashAgg Batches": 1,
              "Peak Memory Usage": 4161,
              "Disk Usage": 0,
              "Plans": [
                {
                  "Node Type": "CTE Scan",
                  "Parent Relationship": "InitPlan",
                  "Subplan Name": "InitPlan 6 (returns $8)",
                  "Parallel Aware": false,
                  "Async Capable": false,
                  "CTE Name": "queue_info",
                  "Alias": "queue_info_2",
                  "Startup Cost": 0.0,
                  "Total Cost": 0.02,
                  "Plan Rows": 1,
                  "Plan Width": 32,
                  "Actual Startup Time": 0.002,
                  "Actual Total Time": 0.003,
                  "Actual Rows": 1,
                  "Actual Loops": 1,
                  "Output": ["queue_info_2.name"]
                },
                {
                  "Node Type": "WindowAgg",
                  "Parent Relationship": "Outer",
                  "Parallel Aware": false,
                  "Async Capable": false,
                  "Startup Cost": 0.0,
                  "Total Cost": 1276.43,
                  "Plan Rows": 34038,
                  "Plan Width": 28,
                  "Actual Startup Time": 706.651,
                  "Actual Total Time": 727.571,
                  "Actual Rows": 97901,
                  "Actual Loops": 1,
                  "Output": [
                    "selected_jobs_1.id",
                    "(row_number() OVER (?) / 200)",
                    "(1)"
                  ],
                  "Plans": [
                    {
                      "Node Type": "CTE Scan",
                      "Parent Relationship": "Outer",
                      "Parallel Aware": false,
                      "Async Capable": false,
                      "CTE Name": "selected_jobs",
                      "Alias": "selected_jobs_1",
                      "Startup Cost": 0.0,
                      "Total Cost": 680.76,
                      "Plan Rows": 34038,
                      "Plan Width": 20,
                      "Actual Startup Time": 323.014,
                      "Actual Total Time": 668.392,
                      "Actual Rows": 97901,
                      "Actual Loops": 1,
                      "Output": ["1", "selected_jobs_1.id"]
                    }
                  ]
                }
              ]
            }
          ]
        },
        {
          "Node Type": "CTE Scan",
          "Parent Relationship": "Outer",
          "Parallel Aware": false,
          "Async Capable": false,
          "CTE Name": "deleted_notify",
          "Alias": "deleted_notify",
          "Startup Cost": 0.0,
          "Total Cost": 4.0,
          "Plan Rows": 200,
          "Plan Width": 4,
          "Actual Startup Time": 763.779,
          "Actual Total Time": 773.206,
          "Actual Rows": 490,
          "Actual Loops": 1,
          "Output": ["1"]
        }
      ]
    },
    "Query Identifier": -504863446554774555,
    "Planning Time": 0.487,
    "Triggers": [
      {
        "Trigger Name": "RI_ConstraintTrigger_a_20570",
        "Constraint Name": "predecessors_queue_id_child_id_fkey1",
        "Relation": "jobs_1",
        "Time": 800.014,
        "Calls": 97901
      },
      {
        "Trigger Name": "RI_ConstraintTrigger_a_20573",
        "Constraint Name": "predecessors_queue_id_parent_id_fkey1",
        "Relation": "jobs_1",
        "Time": 776.388,
        "Calls": 97901
      }
    ],
    "Execution Time": 2929.976
  }
]
