[
  {
    "Plan": {
      "Node Type": "Group",
      "Parallel Aware": false,
      "Async Capable": false,
      "Startup Cost": 1500.21,
      "Total Cost": 1502.48,
      "Plan Rows": 1,
      "Plan Width": 4,
      "Actual Startup Time": 5.674,
      "Actual Total Time": 5.684,
      "Actual Rows": 1,
      "Actual Loops": 1,
      "Output": ["(1)"],
      "Group Key": ["1"],
      "Plans": [
        {
          "Node Type": "Index Scan",
          "Parent Relationship": "InitPlan",
          "Subplan Name": "CTE queue_info",
          "Parallel Aware": false,
          "Async Capable": false,
          "Scan Direction": "Forward",
          "Index Name": "queues_name_key",
          "Relation Name": "queues",
          "Schema": "pgjobq",
          "Alias": "queues",
          "Startup Cost": 0.15,
          "Total Cost": 8.17,
          "Plan Rows": 1,
          "Plan Width": 56,
          "Actual Startup Time": 0.015,
          "Actual Total Time": 0.017,
          "Actual Rows": 1,
          "Actual Loops": 1,
          "Output": [
            "queues.id",
            "queues.name",
            "queues.max_delivery_attempts",
            "queues.retention_period"
          ],
          "Index Cond": "(queues.name = 'test'::text)",
          "Rows Removed by Index Recheck": 0
        },
        {
          "Node Type": "LockRows",
          "Parent Relationship": "InitPlan",
          "Subplan Name": "CTE selected_jobs",
          "Parallel Aware": false,
          "Async Capable": false,
          "Startup Cost": 603.75,
          "Total Cost": 605.01,
          "Plan Rows": 101,
          "Plan Width": 26,
          "Actual Startup Time": 1.757,
          "Actual Total Time": 1.86,
          "Actual Rows": 100,
          "Actual Loops": 1,
          "Output": ["jobs.id", "jobs.ctid", "jobs.tableoid"],
          "Plans": [
            {
              "Node Type": "CTE Scan",
              "Parent Relationship": "InitPlan",
              "Subplan Name": "InitPlan 2 (returns $1)",
              "Parallel Aware": false,
              "Async Capable": false,
              "CTE Name": "queue_info",
              "Alias": "queue_info",
              "Startup Cost": 0.0,
              "Total Cost": 0.02,
              "Plan Rows": 1,
              "Plan Width": 4,
              "Actual Startup Time": 0.017,
              "Actual Total Time": 0.019,
              "Actual Rows": 1,
              "Actual Loops": 1,
              "Output": ["queue_info.id"]
            },
            {
              "Node Type": "Sort",
              "Parent Relationship": "Outer",
              "Parallel Aware": false,
              "Async Capable": false,
              "Startup Cost": 603.73,
              "Total Cost": 603.98,
              "Plan Rows": 101,
              "Plan Width": 26,
              "Actual Startup Time": 1.737,
              "Actual Total Time": 1.746,
              "Actual Rows": 100,
              "Actual Loops": 1,
              "Output": ["jobs.id", "jobs.ctid", "jobs.tableoid"],
              "Sort Key": ["jobs.id"],
              "Sort Method": "quicksort",
              "Sort Space Used": 32,
              "Sort Space Type": "Memory",
              "Plans": [
                {
                  "Node Type": "Append",
                  "Parent Relationship": "Outer",
                  "Parallel Aware": false,
                  "Async Capable": false,
                  "Startup Cost": 0.42,
                  "Total Cost": 600.36,
                  "Plan Rows": 101,
                  "Plan Width": 26,
                  "Actual Startup Time": 0.072,
                  "Actual Total Time": 1.253,
                  "Actual Rows": 100,
                  "Actual Loops": 1,
                  "Subplans Removed": 0,
                  "Plans": [
                    {
                      "Node Type": "Index Scan",
                      "Parent Relationship": "Member",
                      "Parallel Aware": false,
                      "Async Capable": false,
                      "Scan Direction": "Forward",
                      "Index Name": "jobs_1_pkey",
                      "Relation Name": "jobs_1",
                      "Schema": "pgjobq",
                      "Alias": "jobs_1",
                      "Startup Cost": 0.42,
                      "Total Cost": 588.31,
                      "Plan Rows": 100,
                      "Plan Width": 26,
                      "Actual Startup Time": 0.049,
                      "Actual Total Time": 1.219,
                      "Actual Rows": 100,
                      "Actual Loops": 1,
                      "Output": ["jobs_1.id", "jobs_1.ctid", "jobs_1.tableoid"],
                      "Index Cond": "((jobs_1.queue_id = $1) AND (jobs_1.id = ANY ('{9f5dd8c3-b17a-4b03-9760-26501b9263eb,80e9a461-1fef-4776-9033-1ec0c7b40a55,e7fbcffb-3c77-4c0b-bf4e-48ece873a268,bf94c6f2-4158-4dd0-bfb6-9a828cfccdf7,1997736a-5b99-4442-9cdb-9dd63ce4887f,3acb7e4c-0b30-43a5-9e54-1cc2aa4066ef,a8fd953a-e6c1-4232-80e5-184363eeefe1,c69adade-7f27-492a-aeef-c2185bda09e1,e8514b37-8c41-4c96-b028-0447a5e36a8a,70a8d250-275b-445a-baf0-1eebd1527a66,a2dff296-c6f2-4d77-bd4f-4d914cf229ee,f028c834-2a4e-4bce-b8d0-a93f9efe5532,cc565151-e625-414c-8fe6-8a2aaf9688cc,98203aa8-81ee-42f8-9ef0-8a695a269998,8e226471-a7ba-46b5-8ff9-2b280c49fc4b,6eb91be0-b41f-4b77-81c8-54dc5189c66f,658a7e3e-ad98-40a0-941c-d18c2f2c64f6,8a389a81-106e-4d04-81fd-01567072c093,67c7c7a7-5d8a-4f89-bb58-18fd51c479ab,23947685-4011-451a-bbdf-3c306897d806,b3fe6659-f323-4179-83ce-f0e0abc09372,89c98d4d-c3bb-4f30-b92e-ae2e1f98ba6e,7b928a2a-d955-4ebd-8aa8-1e1f8e6eeac3,7fb07ec9-e2c7-44dd-883c-7e1889b9efc2,e6548da1-9682-423e-b1e0-890b9f69899d,04cd216b-ab61-46b2-bd38-7b40bdbc55e7,5075c0b4-8b53-4830-9505-0c169b579f29,ddcd708e-8acf-47df-b802-d4665856429e,5d3a3846-7d2a-4e7d-a78e-cfe00009935b,844d304f-ec2d-4c34-856a-6c69320423b5,d180bd2b-a496-493e-8902-ede27d4c0699,ca450da3-e6dc-405d-909c-02b1eb440f94,f8fd26a7-d747-462e-b943-c9cf7721463c,353506d9-48ce-4ad2-b6e4-5cd6640184a4,360aed26-580b-4914-b374-33139ce5417f,188c466c-aad1-41a9-96db-68a92cdf9505,e61be9e3-3213-45b0-9809-df69baa85922,1de6ef90-e13f-4668-8f0a-27d135c5881d,9896b39c-1c8e-475d-9337-fcb9d64609af,ce13a4cf-9351-4958-867f-187f6b1759ab,8d87a1f9-24cf-4f44-8c7d-81d7cc8918e9,4a257b9c-5f75-48c7-b1f2-97b7ece72640,9bf89aaf-30e0-4c6a-9ffb-ed8f1f1871e5,100e711b-b8f7-468e-8aea-c7fc56583a4d,8648f892-f6ba-484f-83f0-2fd37ceb76e9,fbc906d8-ee9c-4b93-8b74-3c1f52ef25fa,a0b546d6-b837-45f1-a827-b0e70c69696f,d29016e5-431e-4723-91af-32b8953cce49,4be09250-ec0a-4e50-833c-bee825d49676,dd6f7f0c-1210-43b7-9428-061c71e93c21,c6e8ead3-30aa-40a6-a2c6-c4a1c79de2e3,d98e02aa-2ab8-4cc3-b966-2c38b48813e7,709429ee-68d0-4990-9d04-1c7dc62f8dfe,5da7b8d4-345b-4cde-b354-727daa218280,c3a08fbf-d531-4991-adfc-a6d88c3c7856,0646ad5e-8aa8-4bc8-ad52-db8f1e14ebed,32246943-883c-4301-a9d7-a0ad61bcdc25,1b701fe9-a121-4e47-8cee-b946d168287a,6680567b-2644-4bc9-9358-b0a538bfff39,3792fd37-b3a9-4211-9657-301bdcc8a4af,6145aa40-87d0-4bce-bda0-21891a9a69e9,36fea705-c4fa-4e33-8a1b-2b26feee73ec,bea024ab-d979-44d7-b0a1-14c121e5938a,f561d102-280e-4bde-8dc4-c5d849c47fd9,89110324-efe3-4fd4-84e1-01a05512671c,87bfc9ef-d664-4707-9e08-69a264a2a03f,f967d35a-3e3e-4466-bf25-6bd489678971,191ef2bc-73e2-4c11-ad8e-b7a66127d7da,bfa92db8-af42-4d65-a1fb-9458fc5c4f23,36913609-e8f4-477d-9496-7a553087b44c,fc081fbb-11fd-4f56-a151-d40f67120a7d,8d0db9fe-027f-4cc3-b874-44d7a7ea3cea,1dfd3536-3008-4698-86a0-0bd6f9bedb9f,7d1117e1-cd0a-4e48-bd3d-9dec9a2b9e50,cff957a5-4983-4e76-afb9-6bd9a818109f,90442ec9-0181-4244-9892-f0ed4157477b,200e0501-4564-4b8f-8a6b-e127dd00b7d2,468fc251-8d83-4fd9-a669-87b0a5687c4a,36c31bd2-0273-4b13-b5d5-28a18b7d9306,d3ff8020-4866-4a87-ada3-0bf4b5ceea1c,49483e00-642f-4f35-a980-0f18ac8d6b07,3f5554fe-d17a-4752-a0a6-e791e94a3050,8f0c909e-5fbb-4d71-b9c4-c09dfadefd9c,e8ccdd94-85e3-4429-8adf-179dab181661,3f205ccf-be93-4c18-af8d-5d2f0882a0c9,cad1b0ec-7ef5-4561-815b-f5ddf508f53e,9afdfe9c-376e-44cf-9466-38f216112059,68a3c5d7-6631-43d6-bfb7-1857cc3b35c1,5d90f289-5bb8-4694-a496-3995afe06ce1,5c1cdf88-2cdc-43ac-9d99-6666f6c6253d,6c0cd1ea-49b5-4bcb-82ea-b901f9d66841,c66c828b-6397-45b6-ab04-e4b200246ce4,e8bc06e6-d694-4017-8b5e-ccb5fd9f3fa6,af6bf802-bb26-4c2b-abfc-0b8efc1d1055,01427672-0596-423f-b511-b119032bf3ed,ea8d40ec-25e0-4bb9-b7d8-3d4474170368,e74a7109-36b8-4833-b0fb-6d3711f9f219,6b075f1b-3074-4ce4-80e8-de6f5dd1b3c6,6488cc07-490d-40a7-9a6d-f608f789bb64,b4169ede-48e1-43f9-b7dc-0df26689cd17}'::uuid[])))",
                      "Rows Removed by Index Recheck": 0
                    },
                    {
                      "Node Type": "Bitmap Heap Scan",
                      "Parent Relationship": "Member",
                      "Parallel Aware": false,
                      "Async Capable": false,
                      "Relation Name": "jobs_2",
                      "Schema": "pgjobq",
                      "Alias": "jobs_2",
                      "Startup Cost": 4.42,
                      "Total Cost": 11.55,
                      "Plan Rows": 1,
                      "Plan Width": 26,
                      "Actual Startup Time": 0.0,
                      "Actual Total Time": 0.0,
                      "Actual Rows": 0,
                      "Actual Loops": 0,
                      "Output": ["jobs_2.id", "jobs_2.ctid", "jobs_2.tableoid"],
                      "Recheck Cond": "(jobs_2.queue_id = $1)",
                      "Rows Removed by Index Recheck": 0,
                      "Filter": "(jobs_2.id = ANY ('{9f5dd8c3-b17a-4b03-9760-26501b9263eb,80e9a461-1fef-4776-9033-1ec0c7b40a55,e7fbcffb-3c77-4c0b-bf4e-48ece873a268,bf94c6f2-4158-4dd0-bfb6-9a828cfccdf7,1997736a-5b99-4442-9cdb-9dd63ce4887f,3acb7e4c-0b30-43a5-9e54-1cc2aa4066ef,a8fd953a-e6c1-4232-80e5-184363eeefe1,c69adade-7f27-492a-aeef-c2185bda09e1,e8514b37-8c41-4c96-b028-0447a5e36a8a,70a8d250-275b-445a-baf0-1eebd1527a66,a2dff296-c6f2-4d77-bd4f-4d914cf229ee,f028c834-2a4e-4bce-b8d0-a93f9efe5532,cc565151-e625-414c-8fe6-8a2aaf9688cc,98203aa8-81ee-42f8-9ef0-8a695a269998,8e226471-a7ba-46b5-8ff9-2b280c49fc4b,6eb91be0-b41f-4b77-81c8-54dc5189c66f,658a7e3e-ad98-40a0-941c-d18c2f2c64f6,8a389a81-106e-4d04-81fd-01567072c093,67c7c7a7-5d8a-4f89-bb58-18fd51c479ab,23947685-4011-451a-bbdf-3c306897d806,b3fe6659-f323-4179-83ce-f0e0abc09372,89c98d4d-c3bb-4f30-b92e-ae2e1f98ba6e,7b928a2a-d955-4ebd-8aa8-1e1f8e6eeac3,7fb07ec9-e2c7-44dd-883c-7e1889b9efc2,e6548da1-9682-423e-b1e0-890b9f69899d,04cd216b-ab61-46b2-bd38-7b40bdbc55e7,5075c0b4-8b53-4830-9505-0c169b579f29,ddcd708e-8acf-47df-b802-d4665856429e,5d3a3846-7d2a-4e7d-a78e-cfe00009935b,844d304f-ec2d-4c34-856a-6c69320423b5,d180bd2b-a496-493e-8902-ede27d4c0699,ca450da3-e6dc-405d-909c-02b1eb440f94,f8fd26a7-d747-462e-b943-c9cf7721463c,353506d9-48ce-4ad2-b6e4-5cd6640184a4,360aed26-580b-4914-b374-33139ce5417f,188c466c-aad1-41a9-96db-68a92cdf9505,e61be9e3-3213-45b0-9809-df69baa85922,1de6ef90-e13f-4668-8f0a-27d135c5881d,9896b39c-1c8e-475d-9337-fcb9d64609af,ce13a4cf-9351-4958-867f-187f6b1759ab,8d87a1f9-24cf-4f44-8c7d-81d7cc8918e9,4a257b9c-5f75-48c7-b1f2-97b7ece72640,9bf89aaf-30e0-4c6a-9ffb-ed8f1f1871e5,100e711b-b8f7-468e-8aea-c7fc56583a4d,8648f892-f6ba-484f-83f0-2fd37ceb76e9,fbc906d8-ee9c-4b93-8b74-3c1f52ef25fa,a0b546d6-b837-45f1-a827-b0e70c69696f,d29016e5-431e-4723-91af-32b8953cce49,4be09250-ec0a-4e50-833c-bee825d49676,dd6f7f0c-1210-43b7-9428-061c71e93c21,c6e8ead3-30aa-40a6-a2c6-c4a1c79de2e3,d98e02aa-2ab8-4cc3-b966-2c38b48813e7,709429ee-68d0-4990-9d04-1c7dc62f8dfe,5da7b8d4-345b-4cde-b354-727daa218280,c3a08fbf-d531-4991-adfc-a6d88c3c7856,0646ad5e-8aa8-4bc8-ad52-db8f1e14ebed,32246943-883c-4301-a9d7-a0ad61bcdc25,1b701fe9-a121-4e47-8cee-b946d168287a,6680567b-2644-4bc9-9358-b0a538bfff39,3792fd37-b3a9-4211-9657-301bdcc8a4af,6145aa40-87d0-4bce-bda0-21891a9a69e9,36fea705-c4fa-4e33-8a1b-2b26feee73ec,bea024ab-d979-44d7-b0a1-14c121e5938a,f561d102-280e-4bde-8dc4-c5d849c47fd9,89110324-efe3-4fd4-84e1-01a05512671c,87bfc9ef-d664-4707-9e08-69a264a2a03f,f967d35a-3e3e-4466-bf25-6bd489678971,191ef2bc-73e2-4c11-ad8e-b7a66127d7da,bfa92db8-af42-4d65-a1fb-9458fc5c4f23,36913609-e8f4-477d-9496-7a553087b44c,fc081fbb-11fd-4f56-a151-d40f67120a7d,8d0db9fe-027f-4cc3-b874-44d7a7ea3cea,1dfd3536-3008-4698-86a0-0bd6f9bedb9f,7d1117e1-cd0a-4e48-bd3d-9dec9a2b9e50,cff957a5-4983-4e76-afb9-6bd9a818109f,90442ec9-0181-4244-9892-f0ed4157477b,200e0501-4564-4b8f-8a6b-e127dd00b7d2,468fc251-8d83-4fd9-a669-87b0a5687c4a,36c31bd2-0273-4b13-b5d5-28a18b7d9306,d3ff8020-4866-4a87-ada3-0bf4b5ceea1c,49483e00-642f-4f35-a980-0f18ac8d6b07,3f5554fe-d17a-4752-a0a6-e791e94a3050,8f0c909e-5fbb-4d71-b9c4-c09dfadefd9c,e8ccdd94-85e3-4429-8adf-179dab181661,3f205ccf-be93-4c18-af8d-5d2f0882a0c9,cad1b0ec-7ef5-4561-815b-f5ddf508f53e,9afdfe9c-376e-44cf-9466-38f216112059,68a3c5d7-6631-43d6-bfb7-1857cc3b35c1,5d90f289-5bb8-4694-a496-3995afe06ce1,5c1cdf88-2cdc-43ac-9d99-6666f6c6253d,6c0cd1ea-49b5-4bcb-82ea-b901f9d66841,c66c828b-6397-45b6-ab04-e4b200246ce4,e8bc06e6-d694-4017-8b5e-ccb5fd9f3fa6,af6bf802-bb26-4c2b-abfc-0b8efc1d1055,01427672-0596-423f-b511-b119032bf3ed,ea8d40ec-25e0-4bb9-b7d8-3d4474170368,e74a7109-36b8-4833-b0fb-6d3711f9f219,6b075f1b-3074-4ce4-80e8-de6f5dd1b3c6,6488cc07-490d-40a7-9a6d-f608f789bb64,b4169ede-48e1-43f9-b7dc-0df26689cd17}'::uuid[]))",
                      "Rows Removed by Filter": 0,
                      "Exact Heap Blocks": 0,
                      "Lossy Heap Blocks": 0,
                      "Plans": [
                        {
                          "Node Type": "Bitmap Index Scan",
                          "Parent Relationship": "Outer",
                          "Parallel Aware": false,
                          "Async Capable": false,
                          "Index Name": "jobs_2_pkey",
                          "Startup Cost": 0.0,
                          "Total Cost": 4.17,
                          "Plan Rows": 3,
                          "Plan Width": 0,
                          "Actual Startup Time": 0.0,
                          "Actual Total Time": 0.0,
                          "Actual Rows": 0,
                          "Actual Loops": 0,
                          "Index Cond": "(jobs_2.queue_id = $1)"
                        }
                      ]
                    }
                  ]
                }
              ]
            }
          ]
        },
        {
          "Node Type": "ModifyTable",
          "Operation": "Delete",
          "Parent Relationship": "InitPlan",
          "Subplan Name": "CTE deleted_jobs",
          "Parallel Aware": false,
          "Async Capable": false,
          "Relation Name": "jobs",
          "Schema": "pgjobq",
          "Alias": "jobs_3",
          "Startup Cost": 0.44,
          "Total Cost": 878.43,
          "Plan Rows": 0,
          "Plan Width": 0,
          "Actual Startup Time": 3.589,
          "Actual Total Time": 3.589,
          "Actual Rows": 0,
          "Actual Loops": 1,
          "Target Tables": [
            {
              "Relation Name": "jobs_1",
              "Schema": "pgjobq",
              "Alias": "jobs_4"
            },
            { "Relation Name": "jobs_2", "Schema": "pgjobq", "Alias": "jobs_5" }
          ],
          "Plans": [
            {
              "Node Type": "CTE Scan",
              "Parent Relationship": "InitPlan",
              "Subplan Name": "InitPlan 4 (returns $4)",
              "Parallel Aware": false,
              "Async Capable": false,
              "CTE Name": "queue_info",
              "Alias": "queue_info_1",
              "Startup Cost": 0.0,
              "Total Cost": 0.02,
              "Plan Rows": 1,
              "Plan Width": 4,
              "Actual Startup Time": 0.001,
              "Actual Total Time": 0.001,
              "Actual Rows": 1,
              "Actual Loops": 1,
              "Output": ["queue_info_1.id"]
            },
            {
              "Node Type": "Nested Loop",
              "Parent Relationship": "Outer",
              "Parallel Aware": false,
              "Async Capable": false,
              "Join Type": "Inner",
              "Startup Cost": 0.42,
              "Total Cost": 878.41,
              "Plan Rows": 51578,
              "Plan Width": 50,
              "Actual Startup Time": 0.031,
              "Actual Total Time": 0.57,
              "Actual Rows": 100,
              "Actual Loops": 1,
              "Output": ["selected_jobs.*", "jobs_3.tableoid", "jobs_3.ctid"],
              "Inner Unique": false,
              "Plans": [
                {
                  "Node Type": "CTE Scan",
                  "Parent Relationship": "Outer",
                  "Parallel Aware": false,
                  "Async Capable": false,
                  "CTE Name": "selected_jobs",
                  "Alias": "selected_jobs",
                  "Startup Cost": 0.0,
                  "Total Cost": 2.02,
                  "Plan Rows": 101,
                  "Plan Width": 56,
                  "Actual Startup Time": 0.005,
                  "Actual Total Time": 0.049,
                  "Actual Rows": 100,
                  "Actual Loops": 1,
                  "Output": ["selected_jobs.*", "selected_jobs.id"]
                },
                {
                  "Node Type": "Append",
                  "Parent Relationship": "Inner",
                  "Parallel Aware": false,
                  "Async Capable": false,
                  "Startup Cost": 0.42,
                  "Total Cost": 8.66,
                  "Plan Rows": 2,
                  "Plan Width": 26,
                  "Actual Startup Time": 0.004,
                  "Actual Total Time": 0.005,
                  "Actual Rows": 1,
                  "Actual Loops": 100,
                  "Subplans Removed": 0,
                  "Plans": [
                    {
                      "Node Type": "Index Scan",
                      "Parent Relationship": "Member",
                      "Parallel Aware": false,
                      "Async Capable": false,
                      "Scan Direction": "Forward",
                      "Index Name": "jobs_1_pkey",
                      "Relation Name": "jobs_1",
                      "Schema": "pgjobq",
                      "Alias": "jobs_4",
                      "Startup Cost": 0.42,
                      "Total Cost": 8.04,
                      "Plan Rows": 1,
                      "Plan Width": 26,
                      "Actual Startup Time": 0.004,
                      "Actual Total Time": 0.004,
                      "Actual Rows": 1,
                      "Actual Loops": 100,
                      "Output": ["jobs_4.id", "jobs_4.tableoid", "jobs_4.ctid"],
                      "Index Cond": "((jobs_4.queue_id = $4) AND (jobs_4.id = selected_jobs.id))",
                      "Rows Removed by Index Recheck": 0
                    },
                    {
                      "Node Type": "Index Scan",
                      "Parent Relationship": "Member",
                      "Parallel Aware": false,
                      "Async Capable": false,
                      "Scan Direction": "Forward",
                      "Index Name": "jobs_2_pkey",
                      "Relation Name": "jobs_2",
                      "Schema": "pgjobq",
                      "Alias": "jobs_5",
                      "Startup Cost": 0.15,
                      "Total Cost": 0.61,
                      "Plan Rows": 1,
                      "Plan Width": 26,
                      "Actual Startup Time": 0.0,
                      "Actual Total Time": 0.0,
                      "Actual Rows": 0,
                      "Actual Loops": 0,
                      "Output": ["jobs_5.id", "jobs_5.tableoid", "jobs_5.ctid"],
                      "Index Cond": "((jobs_5.queue_id = $4) AND (jobs_5.id = selected_jobs.id))",
                      "Rows Removed by Index Recheck": 0
                    }
                  ]
                }
              ]
            }
          ]
        },
        {
          "Node Type": "Subquery Scan",
          "Parent Relationship": "InitPlan",
          "Subplan Name": "CTE deleted_notify",
          "Parallel Aware": false,
          "Async Capable": false,
          "Alias": "completed_notification_groups",
          "Startup Cost": 5.83,
          "Total Cost": 8.61,
          "Plan Rows": 101,
          "Plan Width": 4,
          "Actual Startup Time": 5.67,
          "Actual Total Time": 5.674,
          "Actual Rows": 1,
          "Actual Loops": 1,
          "Output": [
            "pg_notify(('pgjobq.job_completed_'::text || completed_notification_groups.queue_name), completed_notification_groups.ids)"
          ],
          "Plans": [
            {
              "Node Type": "Aggregate",
              "Strategy": "Hashed",
              "Partial Mode": "Simple",
              "Parent Relationship": "Subquery",
              "Parallel Aware": false,
              "Async Capable": false,
              "Startup Cost": 5.83,
              "Total Cost": 7.09,
              "Plan Rows": 101,
              "Plan Width": 72,
              "Actual Startup Time": 5.336,
              "Actual Total Time": 5.339,
              "Actual Rows": 1,
              "Actual Loops": 1,
              "Output": [
                "string_agg((selected_jobs_1.id)::text, ','::text)",
                "$8",
                "((row_number() OVER (?) / 200))"
              ],
              "Group Key": ["(row_number() OVER (?) / 200)"],
              "Planned Partitions": 0,
              "HashAgg Batches": 1,
              "Peak Memory Usage": 24,
              "Disk Usage": 0,
              "Plans": [
                {
                  "Node Type": "CTE Scan",
                  "Parent Relationship": "InitPlan",
                  "Subplan Name": "InitPlan 6 (returns $8)",
                  "Parallel Aware": false,
                  "Async Capable": false,
                  "CTE Name": "queue_info",
                  "Alias": "queue_info_2",
                  "Startup Cost": 0.0,
                  "Total Cost": 0.02,
                  "Plan Rows": 1,
                  "Plan Width": 32,
                  "Actual Startup Time": 0.001,
                  "Actual Total Time": 0.002,
                  "Actual Rows": 1,
                  "Actual Loops": 1,
                  "Output": ["queue_info_2.name"]
                },
                {
                  "Node Type": "WindowAgg",
                  "Parent Relationship": "Outer",
                  "Parallel Aware": false,
                  "Async Capable": false,
                  "Startup Cost": 0.0,
                  "Total Cost": 3.79,
                  "Plan Rows": 101,
                  "Plan Width": 28,
                  "Actual Startup Time": 3.965,
                  "Actual Total Time": 3.992,
                  "Actual Rows": 100,
                  "Actual Loops": 1,
                  "Output": [
                    "selected_jobs_1.id",
                    "(row_number() OVER (?) / 200)",
                    "(1)"
                  ],
                  "Plans": [
                    {
                      "Node Type": "CTE Scan",
                      "Parent Relationship": "Outer",
                      "Parallel Aware": false,
                      "Async Capable": false,
                      "CTE Name": "selected_jobs",
                      "Alias": "selected_jobs_1",
                      "Startup Cost": 0.0,
                      "Total Cost": 2.02,
                      "Plan Rows": 101,
                      "Plan Width": 20,
                      "Actual Startup Time": 1.759,
                      "Actual Total Time": 1.887,
                      "Actual Rows": 100,
                      "Actual Loops": 1,
                      "Output": ["1", "selected_jobs_1.id"]
                    }
                  ]
                }
              ]
            }
          ]
        },
        {
          "Node Type": "CTE Scan",
          "Parent Relationship": "Outer",
          "Parallel Aware": false,
          "Async Capable": false,
          "CTE Name": "deleted_notify",
          "Alias": "deleted_notify",
          "Startup Cost": 0.0,
          "Total Cost": 2.02,
          "Plan Rows": 101,
          "Plan Width": 4,
          "Actual Startup Time": 5.673,
          "Actual Total Time": 5.676,
          "Actual Rows": 1,
          "Actual Loops": 1,
          "Output": ["1"]
        }
      ]
    },
    "Query Identifier": -573424864352866500,
    "Planning Time": 8.611,
    "Triggers": [
      {
        "Trigger Name": "RI_ConstraintTrigger_a_20570",
        "Constraint Name": "predecessors_queue_id_child_id_fkey1",
        "Relation": "jobs_1",
        "Time": 3.95,
        "Calls": 100
      },
      {
        "Trigger Name": "RI_ConstraintTrigger_a_20573",
        "Constraint Name": "predecessors_queue_id_parent_id_fkey1",
        "Relation": "jobs_1",
        "Time": 4.682,
        "Calls": 100
      }
    ],
    "Execution Time": 18.438
  }
]
