[
  {
    "Plan": {
      "Node Type": "CTE Scan",
      "Parallel Aware": false,
      "Async Capable": false,
      "CTE Name": "jobs_to_process",
      "Alias": "jobs_to_process",
      "Startup Cost": 21783.79,
      "Total Cost": 21783.81,
      "Plan Rows": 1,
      "Plan Width": 11,
      "Actual Startup Time": 2.399,
      "Actual Total Time": 2.408,
      "Actual Rows": 1,
      "Actual Loops": 1,
      "Output": ["$18", "$19", "$21", "$23", "$25"],
      "Plans": [
        {
          "Node Type": "Index Scan",
          "Parent Relationship": "InitPlan",
          "Subplan Name": "CTE queue_info",
          "Parallel Aware": false,
          "Async Capable": false,
          "Scan Direction": "Forward",
          "Index Name": "queues_name_key",
          "Relation Name": "queues",
          "Schema": "pgjobq",
          "Alias": "queues",
          "Startup Cost": 0.15,
          "Total Cost": 8.17,
          "Plan Rows": 1,
          "Plan Width": 56,
          "Actual Startup Time": 0.017,
          "Actual Total Time": 0.018,
          "Actual Rows": 1,
          "Actual Loops": 1,
          "Output": [
            "queues.id",
            "queues.name",
            "queues.max_delivery_attempts",
            "queues.retention_period"
          ],
          "Index Cond": "(queues.name = 'test'::text)",
          "Rows Removed by Index Recheck": 0
        },
        {
          "Node Type": "LockRows",
          "Parent Relationship": "InitPlan",
          "Subplan Name": "CTE selected_jobs",
          "Parallel Aware": false,
          "Async Capable": false,
          "Startup Cost": 0.44,
          "Total Cost": 16.66,
          "Plan Rows": 2,
          "Plan Width": 34,
          "Actual Startup Time": 0.062,
          "Actual Total Time": 0.071,
          "Actual Rows": 1,
          "Actual Loops": 1,
          "Output": [
            "jobs.id",
            "jobs.receipt_handle",
            "jobs.ctid",
            "jobs.tableoid"
          ],
          "Plans": [
            {
              "Node Type": "CTE Scan",
              "Parent Relationship": "InitPlan",
              "Subplan Name": "InitPlan 2 (returns $1)",
              "Parallel Aware": false,
              "Async Capable": false,
              "CTE Name": "queue_info",
              "Alias": "queue_info",
              "Startup Cost": 0.0,
              "Total Cost": 0.02,
              "Plan Rows": 1,
              "Plan Width": 4,
              "Actual Startup Time": 0.02,
              "Actual Total Time": 0.021,
              "Actual Rows": 1,
              "Actual Loops": 1,
              "Output": ["queue_info.id"]
            },
            {
              "Node Type": "Append",
              "Parent Relationship": "Outer",
              "Parallel Aware": false,
              "Async Capable": false,
              "Startup Cost": 0.42,
              "Total Cost": 16.62,
              "Plan Rows": 2,
              "Plan Width": 34,
              "Actual Startup Time": 0.055,
              "Actual Total Time": 0.059,
              "Actual Rows": 1,
              "Actual Loops": 1,
              "Subplans Removed": 0,
              "Plans": [
                {
                  "Node Type": "Index Scan",
                  "Parent Relationship": "Member",
                  "Parallel Aware": false,
                  "Async Capable": false,
                  "Scan Direction": "Forward",
                  "Index Name": "jobs_1_pkey",
                  "Relation Name": "jobs_1",
                  "Schema": "pgjobq",
                  "Alias": "jobs_1",
                  "Startup Cost": 0.42,
                  "Total Cost": 8.44,
                  "Plan Rows": 1,
                  "Plan Width": 34,
                  "Actual Startup Time": 0.028,
                  "Actual Total Time": 0.031,
                  "Actual Rows": 1,
                  "Actual Loops": 1,
                  "Output": [
                    "jobs_1.id",
                    "jobs_1.receipt_handle",
                    "jobs_1.ctid",
                    "jobs_1.tableoid"
                  ],
                  "Index Cond": "((jobs_1.queue_id = $1) AND (jobs_1.id = '06282329-ff11-49d3-ba5d-28802de4e376'::uuid))",
                  "Rows Removed by Index Recheck": 0
                },
                {
                  "Node Type": "Index Scan",
                  "Parent Relationship": "Member",
                  "Parallel Aware": false,
                  "Async Capable": false,
                  "Scan Direction": "Forward",
                  "Index Name": "jobs_2_pkey",
                  "Relation Name": "jobs_2",
                  "Schema": "pgjobq",
                  "Alias": "jobs_2",
                  "Startup Cost": 0.15,
                  "Total Cost": 8.17,
                  "Plan Rows": 1,
                  "Plan Width": 34,
                  "Actual Startup Time": 0.0,
                  "Actual Total Time": 0.0,
                  "Actual Rows": 0,
                  "Actual Loops": 0,
                  "Output": [
                    "jobs_2.id",
                    "jobs_2.receipt_handle",
                    "jobs_2.ctid",
                    "jobs_2.tableoid"
                  ],
                  "Index Cond": "((jobs_2.queue_id = $1) AND (jobs_2.id = '06282329-ff11-49d3-ba5d-28802de4e376'::uuid))",
                  "Rows Removed by Index Recheck": 0
                }
              ]
            }
          ]
        },
        {
          "Node Type": "CTE Scan",
          "Parent Relationship": "InitPlan",
          "Subplan Name": "CTE jobs_to_process",
          "Parallel Aware": false,
          "Async Capable": false,
          "CTE Name": "selected_jobs",
          "Alias": "selected_jobs",
          "Startup Cost": 0.0,
          "Total Cost": 0.04,
          "Plan Rows": 1,
          "Plan Width": 16,
          "Actual Startup Time": 0.065,
          "Actual Total Time": 0.074,
          "Actual Rows": 1,
          "Actual Loops": 1,
          "Output": ["selected_jobs.id"],
          "Filter": "(selected_jobs.receipt_handle = '4002'::bigint)",
          "Rows Removed by Filter": 0
        },
        {
          "Node Type": "ModifyTable",
          "Operation": "Delete",
          "Parent Relationship": "InitPlan",
          "Subplan Name": "CTE deleted_jobs",
          "Parallel Aware": false,
          "Async Capable": false,
          "Relation Name": "jobs",
          "Schema": "pgjobq",
          "Alias": "jobs_3",
          "Startup Cost": 0.46,
          "Total Cost": 16.7,
          "Plan Rows": 170,
          "Plan Width": 50,
          "Actual Startup Time": 0.025,
          "Actual Total Time": 0.026,
          "Actual Rows": 0,
          "Actual Loops": 1,
          "Output": ["jobs_4.id", "jobs_4.queue_id", "jobs_4.body"],
          "Target Tables": [
            {
              "Relation Name": "jobs_1",
              "Schema": "pgjobq",
              "Alias": "jobs_4"
            },
            { "Relation Name": "jobs_2", "Schema": "pgjobq", "Alias": "jobs_5" }
          ],
          "Plans": [
            {
              "Node Type": "CTE Scan",
              "Parent Relationship": "InitPlan",
              "Subplan Name": "InitPlan 5 (returns $5)",
              "Parallel Aware": false,
              "Async Capable": false,
              "CTE Name": "queue_info",
              "Alias": "queue_info_1",
              "Startup Cost": 0.0,
              "Total Cost": 0.02,
              "Plan Rows": 1,
              "Plan Width": 4,
              "Actual Startup Time": 0.001,
              "Actual Total Time": 0.001,
              "Actual Rows": 1,
              "Actual Loops": 1,
              "Output": ["queue_info_1.id"]
            },
            {
              "Node Type": "CTE Scan",
              "Parent Relationship": "InitPlan",
              "Subplan Name": "InitPlan 6 (returns $6)",
              "Parallel Aware": false,
              "Async Capable": false,
              "CTE Name": "queue_info",
              "Alias": "queue_info_2",
              "Startup Cost": 0.0,
              "Total Cost": 0.02,
              "Plan Rows": 1,
              "Plan Width": 4,
              "Actual Startup Time": 0.001,
              "Actual Total Time": 0.001,
              "Actual Rows": 1,
              "Actual Loops": 1,
              "Output": ["queue_info_2.max_delivery_attempts"]
            },
            {
              "Node Type": "Nested Loop",
              "Parent Relationship": "Outer",
              "Parallel Aware": false,
              "Async Capable": false,
              "Join Type": "Inner",
              "Startup Cost": 0.42,
              "Total Cost": 16.66,
              "Plan Rows": 170,
              "Plan Width": 50,
              "Actual Startup Time": 0.023,
              "Actual Total Time": 0.024,
              "Actual Rows": 0,
              "Actual Loops": 1,
              "Output": [
                "jobs_to_process_1.*",
                "jobs_3.tableoid",
                "jobs_3.ctid"
              ],
              "Inner Unique": false,
              "Plans": [
                {
                  "Node Type": "CTE Scan",
                  "Parent Relationship": "Outer",
                  "Parallel Aware": false,
                  "Async Capable": false,
                  "CTE Name": "jobs_to_process",
                  "Alias": "jobs_to_process_1",
                  "Startup Cost": 0.0,
                  "Total Cost": 0.02,
                  "Plan Rows": 1,
                  "Plan Width": 56,
                  "Actual Startup Time": 0.005,
                  "Actual Total Time": 0.005,
                  "Actual Rows": 1,
                  "Actual Loops": 1,
                  "Output": ["jobs_to_process_1.*", "jobs_to_process_1.id"]
                },
                {
                  "Node Type": "Append",
                  "Parent Relationship": "Inner",
                  "Parallel Aware": false,
                  "Async Capable": false,
                  "Startup Cost": 0.42,
                  "Total Cost": 16.62,
                  "Plan Rows": 2,
                  "Plan Width": 26,
                  "Actual Startup Time": 0.016,
                  "Actual Total Time": 0.016,
                  "Actual Rows": 0,
                  "Actual Loops": 1,
                  "Subplans Removed": 0,
                  "Plans": [
                    {
                      "Node Type": "Index Scan",
                      "Parent Relationship": "Member",
                      "Parallel Aware": false,
                      "Async Capable": false,
                      "Scan Direction": "Forward",
                      "Index Name": "jobs_1_pkey",
                      "Relation Name": "jobs_1",
                      "Schema": "pgjobq",
                      "Alias": "jobs_4",
                      "Startup Cost": 0.42,
                      "Total Cost": 8.44,
                      "Plan Rows": 1,
                      "Plan Width": 26,
                      "Actual Startup Time": 0.011,
                      "Actual Total Time": 0.011,
                      "Actual Rows": 0,
                      "Actual Loops": 1,
                      "Output": ["jobs_4.id", "jobs_4.tableoid", "jobs_4.ctid"],
                      "Index Cond": "((jobs_4.queue_id = $5) AND (jobs_4.id = jobs_to_process_1.id))",
                      "Rows Removed by Index Recheck": 0,
                      "Filter": "(jobs_4.delivery_attempts >= $6)",
                      "Rows Removed by Filter": 1
                    },
                    {
                      "Node Type": "Index Scan",
                      "Parent Relationship": "Member",
                      "Parallel Aware": false,
                      "Async Capable": false,
                      "Scan Direction": "Forward",
                      "Index Name": "jobs_2_pkey",
                      "Relation Name": "jobs_2",
                      "Schema": "pgjobq",
                      "Alias": "jobs_5",
                      "Startup Cost": 0.15,
                      "Total Cost": 8.17,
                      "Plan Rows": 1,
                      "Plan Width": 26,
                      "Actual Startup Time": 0.0,
                      "Actual Total Time": 0.0,
                      "Actual Rows": 0,
                      "Actual Loops": 0,
                      "Output": ["jobs_5.id", "jobs_5.tableoid", "jobs_5.ctid"],
                      "Index Cond": "((jobs_5.queue_id = $5) AND (jobs_5.id = jobs_to_process_1.id))",
                      "Rows Removed by Index Recheck": 0,
                      "Filter": "(jobs_5.delivery_attempts >= $6)",
                      "Rows Removed by Filter": 0
                    }
                  ]
                }
              ]
            }
          ]
        },
        {
          "Node Type": "ModifyTable",
          "Operation": "Insert",
          "Parent Relationship": "InitPlan",
          "Subplan Name": "CTE new_dlq_jobs",
          "Parallel Aware": false,
          "Async Capable": false,
          "Relation Name": "jobs",
          "Schema": "pgjobq",
          "Alias": "jobs_6",
          "Startup Cost": 34.37,
          "Total Cost": 21738.11,
          "Plan Rows": 0,
          "Plan Width": 0,
          "Actual Startup Time": 0.002,
          "Actual Total Time": 0.002,
          "Actual Rows": 0,
          "Actual Loops": 1,
          "Plans": [
            {
              "Node Type": "Nested Loop",
              "Parent Relationship": "Outer",
              "Parallel Aware": false,
              "Async Capable": false,
              "Join Type": "Inner",
              "Startup Cost": 34.37,
              "Total Cost": 21738.11,
              "Plan Rows": 314500,
              "Plan Width": 112,
              "Actual Startup Time": 0.001,
              "Actual Total Time": 0.001,
              "Actual Rows": 0,
              "Actual Loops": 1,
              "Output": [
                "queue_links.child_id",
                "d.id",
                "((now())::timestamp without time zone + queues_1.retention_period)",
                "0",
                "(now())::timestamp without time zone",
                "NULL::bigint",
                "d.body",
                "NULL::jsonb"
              ],
              "Inner Unique": false,
              "Plans": [
                {
                  "Node Type": "CTE Scan",
                  "Parent Relationship": "Outer",
                  "Parallel Aware": false,
                  "Async Capable": false,
                  "CTE Name": "deleted_jobs",
                  "Alias": "d",
                  "Startup Cost": 0.0,
                  "Total Cost": 3.4,
                  "Plan Rows": 170,
                  "Plan Width": 52,
                  "Actual Startup Time": 0.0,
                  "Actual Total Time": 0.0,
                  "Actual Rows": 0,
                  "Actual Loops": 1,
                  "Output": ["d.id", "d.queue_id", "d.body"]
                },
                {
                  "Node Type": "Hash Join",
                  "Parent Relationship": "Inner",
                  "Parallel Aware": false,
                  "Async Capable": false,
                  "Join Type": "Left",
                  "Startup Cost": 34.37,
                  "Total Cost": 67.73,
                  "Plan Rows": 1850,
                  "Plan Width": 24,
                  "Actual Startup Time": 0.0,
                  "Actual Total Time": 0.0,
                  "Actual Rows": 0,
                  "Actual Loops": 0,
                  "Output": [
                    "queue_links.child_id",
                    "queues_1.retention_period",
                    "NULL::integer"
                  ],
                  "Inner Unique": true,
                  "Hash Cond": "(queue_links.child_id = queues_1.id)",
                  "Join Filter": "((queue_links.parent_id = d.queue_id) AND (queue_links.link_type_id = $10))",
                  "Rows Removed by Join Filter": 0,
                  "Plans": [
                    {
                      "Node Type": "Index Scan",
                      "Parent Relationship": "InitPlan",
                      "Subplan Name": "InitPlan 8 (returns $10)",
                      "Parallel Aware": false,
                      "Async Capable": false,
                      "Scan Direction": "Forward",
                      "Index Name": "queue_link_types_name_key",
                      "Relation Name": "queue_link_types",
                      "Schema": "pgjobq",
                      "Alias": "queue_link_types",
                      "Startup Cost": 0.15,
                      "Total Cost": 8.17,
                      "Plan Rows": 1,
                      "Plan Width": 4,
                      "Actual Startup Time": 0.0,
                      "Actual Total Time": 0.0,
                      "Actual Rows": 0,
                      "Actual Loops": 0,
                      "Output": ["queue_link_types.id"],
                      "Index Cond": "(queue_link_types.name = 'dlq'::text)",
                      "Rows Removed by Index Recheck": 0
                    },
                    {
                      "Node Type": "Seq Scan",
                      "Parent Relationship": "Outer",
                      "Parallel Aware": false,
                      "Async Capable": false,
                      "Relation Name": "queue_links",
                      "Schema": "pgjobq",
                      "Alias": "queue_links",
                      "Startup Cost": 0.0,
                      "Total Cost": 28.5,
                      "Plan Rows": 1850,
                      "Plan Width": 12,
                      "Actual Startup Time": 0.0,
                      "Actual Total Time": 0.0,
                      "Actual Rows": 0,
                      "Actual Loops": 0,
                      "Output": [
                        "queue_links.id",
                        "queue_links.parent_id",
                        "queue_links.link_type_id",
                        "queue_links.child_id"
                      ]
                    },
                    {
                      "Node Type": "Hash",
                      "Parent Relationship": "Inner",
                      "Parallel Aware": false,
                      "Async Capable": false,
                      "Startup Cost": 17.2,
                      "Total Cost": 17.2,
                      "Plan Rows": 720,
                      "Plan Width": 20,
                      "Actual Startup Time": 0.0,
                      "Actual Total Time": 0.0,
                      "Actual Rows": 0,
                      "Actual Loops": 0,
                      "Output": ["queues_1.retention_period", "queues_1.id"],
                      "Plans": [
                        {
                          "Node Type": "Seq Scan",
                          "Parent Relationship": "Outer",
                          "Parallel Aware": false,
                          "Async Capable": false,
                          "Relation Name": "queues",
                          "Schema": "pgjobq",
                          "Alias": "queues_1",
                          "Startup Cost": 0.0,
                          "Total Cost": 17.2,
                          "Plan Rows": 720,
                          "Plan Width": 20,
                          "Actual Startup Time": 0.0,
                          "Actual Total Time": 0.0,
                          "Actual Rows": 0,
                          "Actual Loops": 0,
                          "Output": ["queues_1.retention_period", "queues_1.id"]
                        }
                      ]
                    }
                  ]
                }
              ]
            }
          ]
        },
        {
          "Node Type": "Subquery Scan",
          "Parent Relationship": "InitPlan",
          "Subplan Name": "CTE deleted_notify",
          "Parallel Aware": false,
          "Async Capable": false,
          "Alias": "completed_notification_groups",
          "Startup Cost": 0.08,
          "Total Cost": 0.11,
          "Plan Rows": 1,
          "Plan Width": 4,
          "Actual Startup Time": 2.291,
          "Actual Total Time": 2.292,
          "Actual Rows": 1,
          "Actual Loops": 1,
          "Output": [
            "pg_notify(('pgjobq.job_completed_'::text || completed_notification_groups.queue_name), completed_notification_groups.ids)"
          ],
          "Plans": [
            {
              "Node Type": "Aggregate",
              "Strategy": "Hashed",
              "Partial Mode": "Simple",
              "Parent Relationship": "Subquery",
              "Parallel Aware": false,
              "Async Capable": false,
              "Startup Cost": 0.08,
              "Total Cost": 0.09,
              "Plan Rows": 1,
              "Plan Width": 72,
              "Actual Startup Time": 2.288,
              "Actual Total Time": 2.289,
              "Actual Rows": 1,
              "Actual Loops": 1,
              "Output": [
                "string_agg((jobs_to_process_2.id)::text, ','::text)",
                "$14",
                "((row_number() OVER (?) / 200))"
              ],
              "Group Key": ["(row_number() OVER (?) / 200)"],
              "Planned Partitions": 0,
              "HashAgg Batches": 1,
              "Peak Memory Usage": 24,
              "Disk Usage": 0,
              "Plans": [
                {
                  "Node Type": "CTE Scan",
                  "Parent Relationship": "InitPlan",
                  "Subplan Name": "InitPlan 10 (returns $14)",
                  "Parallel Aware": false,
                  "Async Capable": false,
                  "CTE Name": "queue_info",
                  "Alias": "queue_info_3",
                  "Startup Cost": 0.0,
                  "Total Cost": 0.02,
                  "Plan Rows": 1,
                  "Plan Width": 32,
                  "Actual Startup Time": 0.001,
                  "Actual Total Time": 0.001,
                  "Actual Rows": 1,
                  "Actual Loops": 1,
                  "Output": ["queue_info_3.name"]
                },
                {
                  "Node Type": "WindowAgg",
                  "Parent Relationship": "Outer",
                  "Parallel Aware": false,
                  "Async Capable": false,
                  "Startup Cost": 0.0,
                  "Total Cost": 0.04,
                  "Plan Rows": 1,
                  "Plan Width": 28,
                  "Actual Startup Time": 1.251,
                  "Actual Total Time": 1.252,
                  "Actual Rows": 1,
                  "Actual Loops": 1,
                  "Output": [
                    "jobs_to_process_2.id",
                    "(row_number() OVER (?) / 200)",
                    "(1)"
                  ],
                  "Plans": [
                    {
                      "Node Type": "CTE Scan",
                      "Parent Relationship": "Outer",
                      "Parallel Aware": false,
                      "Async Capable": false,
                      "CTE Name": "jobs_to_process",
                      "Alias": "jobs_to_process_2",
                      "Startup Cost": 0.0,
                      "Total Cost": 0.02,
                      "Plan Rows": 1,
                      "Plan Width": 20,
                      "Actual Startup Time": 0.001,
                      "Actual Total Time": 0.01,
                      "Actual Rows": 1,
                      "Actual Loops": 1,
                      "Output": ["1", "jobs_to_process_2.id"]
                    }
                  ]
                }
              ]
            }
          ]
        },
        {
          "Node Type": "Aggregate",
          "Strategy": "Plain",
          "Partial Mode": "Simple",
          "Parent Relationship": "InitPlan",
          "Subplan Name": "CTE new_dlq_notify",
          "Parallel Aware": false,
          "Async Capable": false,
          "Startup Cost": 3.84,
          "Total Cost": 3.86,
          "Plan Rows": 1,
          "Plan Width": 4,
          "Actual Startup Time": 0.029,
          "Actual Total Time": 0.03,
          "Actual Rows": 1,
          "Actual Loops": 1,
          "Output": [
            "pg_notify(('pgjobq.new_job_'::text || $16), (count(*))::text)"
          ],
          "Plans": [
            {
              "Node Type": "CTE Scan",
              "Parent Relationship": "InitPlan",
              "Subplan Name": "InitPlan 12 (returns $16)",
              "Parallel Aware": false,
              "Async Capable": false,
              "CTE Name": "queue_info",
              "Alias": "queue_info_4",
              "Startup Cost": 0.0,
              "Total Cost": 0.02,
              "Plan Rows": 1,
              "Plan Width": 32,
              "Actual Startup Time": 0.0,
              "Actual Total Time": 0.0,
              "Actual Rows": 1,
              "Actual Loops": 1,
              "Output": ["queue_info_4.name"]
            },
            {
              "Node Type": "CTE Scan",
              "Parent Relationship": "Outer",
              "Parallel Aware": false,
              "Async Capable": false,
              "CTE Name": "deleted_jobs",
              "Alias": "deleted_jobs",
              "Startup Cost": 0.0,
              "Total Cost": 3.4,
              "Plan Rows": 170,
              "Plan Width": 0,
              "Actual Startup Time": 0.025,
              "Actual Total Time": 0.025,
              "Actual Rows": 0,
              "Actual Loops": 1,
              "Output": [
                "deleted_jobs.id",
                "deleted_jobs.queue_id",
                "deleted_jobs.body"
              ]
            }
          ]
        },
        {
          "Node Type": "Group",
          "Parent Relationship": "InitPlan",
          "Subplan Name": "InitPlan 14 (returns $18)",
          "Parallel Aware": false,
          "Async Capable": false,
          "Startup Cost": 0.0,
          "Total Cost": 0.02,
          "Plan Rows": 1,
          "Plan Width": 4,
          "Actual Startup Time": 2.293,
          "Actual Total Time": 2.295,
          "Actual Rows": 1,
          "Actual Loops": 1,
          "Output": ["(1)"],
          "Group Key": ["1"],
          "Plans": [
            {
              "Node Type": "CTE Scan",
              "Parent Relationship": "Outer",
              "Parallel Aware": false,
              "Async Capable": false,
              "CTE Name": "deleted_notify",
              "Alias": "deleted_notify",
              "Startup Cost": 0.0,
              "Total Cost": 0.02,
              "Plan Rows": 1,
              "Plan Width": 4,
              "Actual Startup Time": 2.292,
              "Actual Total Time": 2.293,
              "Actual Rows": 1,
              "Actual Loops": 1,
              "Output": ["1"]
            }
          ]
        },
        {
          "Node Type": "Group",
          "Parent Relationship": "InitPlan",
          "Subplan Name": "InitPlan 15 (returns $19)",
          "Parallel Aware": false,
          "Async Capable": false,
          "Startup Cost": 0.0,
          "Total Cost": 0.02,
          "Plan Rows": 1,
          "Plan Width": 4,
          "Actual Startup Time": 0.031,
          "Actual Total Time": 0.031,
          "Actual Rows": 1,
          "Actual Loops": 1,
          "Output": ["(1)"],
          "Group Key": ["1"],
          "Plans": [
            {
              "Node Type": "CTE Scan",
              "Parent Relationship": "Outer",
              "Parallel Aware": false,
              "Async Capable": false,
              "CTE Name": "new_dlq_notify",
              "Alias": "new_dlq_notify",
              "Startup Cost": 0.0,
              "Total Cost": 0.02,
              "Plan Rows": 1,
              "Plan Width": 4,
              "Actual Startup Time": 0.03,
              "Actual Total Time": 0.031,
              "Actual Rows": 1,
              "Actual Loops": 1,
              "Output": ["1"]
            }
          ]
        },
        {
          "Node Type": "Result",
          "Parent Relationship": "InitPlan",
          "Subplan Name": "InitPlan 17 (returns $21)",
          "Parallel Aware": false,
          "Async Capable": false,
          "Startup Cost": 0.02,
          "Total Cost": 0.03,
          "Plan Rows": 1,
          "Plan Width": 1,
          "Actual Startup Time": 0.002,
          "Actual Total Time": 0.002,
          "Actual Rows": 1,
          "Actual Loops": 1,
          "Output": ["$20"],
          "Plans": [
            {
              "Node Type": "CTE Scan",
              "Parent Relationship": "InitPlan",
              "Subplan Name": "InitPlan 16 (returns $20)",
              "Parallel Aware": false,
              "Async Capable": false,
              "CTE Name": "queue_info",
              "Alias": "queue_info_5",
              "Startup Cost": 0.0,
              "Total Cost": 0.02,
              "Plan Rows": 1,
              "Plan Width": 0,
              "Actual Startup Time": 0.0,
              "Actual Total Time": 0.001,
              "Actual Rows": 1,
              "Actual Loops": 1
            }
          ]
        },
        {
          "Node Type": "Result",
          "Parent Relationship": "InitPlan",
          "Subplan Name": "InitPlan 19 (returns $23)",
          "Parallel Aware": false,
          "Async Capable": false,
          "Startup Cost": 0.02,
          "Total Cost": 0.03,
          "Plan Rows": 1,
          "Plan Width": 1,
          "Actual Startup Time": 0.001,
          "Actual Total Time": 0.002,
          "Actual Rows": 1,
          "Actual Loops": 1,
          "Output": ["$22"],
          "Plans": [
            {
              "Node Type": "CTE Scan",
              "Parent Relationship": "InitPlan",
              "Subplan Name": "InitPlan 18 (returns $22)",
              "Parallel Aware": false,
              "Async Capable": false,
              "CTE Name": "selected_jobs",
              "Alias": "selected_jobs_1",
              "Startup Cost": 0.0,
              "Total Cost": 0.04,
              "Plan Rows": 2,
              "Plan Width": 0,
              "Actual Startup Time": 0.0,
              "Actual Total Time": 0.001,
              "Actual Rows": 1,
              "Actual Loops": 1
            }
          ]
        },
        {
          "Node Type": "Result",
          "Parent Relationship": "InitPlan",
          "Subplan Name": "InitPlan 21 (returns $25)",
          "Parallel Aware": false,
          "Async Capable": false,
          "Startup Cost": 0.02,
          "Total Cost": 0.03,
          "Plan Rows": 1,
          "Plan Width": 1,
          "Actual Startup Time": 0.001,
          "Actual Total Time": 0.002,
          "Actual Rows": 1,
          "Actual Loops": 1,
          "Output": ["(NOT $24)"],
          "Plans": [
            {
              "Node Type": "CTE Scan",
              "Parent Relationship": "InitPlan",
              "Subplan Name": "InitPlan 20 (returns $24)",
              "Parallel Aware": false,
              "Async Capable": false,
              "CTE Name": "jobs_to_process",
              "Alias": "jobs_to_process_3",
              "Startup Cost": 0.0,
              "Total Cost": 0.02,
              "Plan Rows": 1,
              "Plan Width": 0,
              "Actual Startup Time": 0.0,
              "Actual Total Time": 0.0,
              "Actual Rows": 1,
              "Actual Loops": 1
            }
          ]
        }
      ]
    },
    "Query Identifier": -8479541051900896218,
    "Planning Time": 2.983,
    "Triggers": [],
    "Execution Time": 9.922
  }
]
